LINE 44  : 2017-02-27 17:49:53,690 [INFO    ] Connecting to Enrichr Server to get latest library names
LINE 54  : 2017-02-27 17:49:53,694 [INFO    ] Analysis name: test_name, Enrichr Library: KEGG_2016
LINE 212 : 2017-02-27 17:49:53,924 [DEBUG   ] Starting new HTTP connection (1): amp.pharm.mssm.edu
LINE 400 : 2017-02-27 17:49:54,325 [DEBUG   ] http://amp.pharm.mssm.edu:80 "POST /Enrichr/addList HTTP/1.1" 200 46
LINE 69  : 2017-02-27 17:49:54,325 [DEBUG   ] Job ID:{u'userListId': 3029109, u'shortId': u'1allf'}
LINE 212 : 2017-02-27 17:49:54,328 [DEBUG   ] Starting new HTTP connection (1): amp.pharm.mssm.edu
LINE 400 : 2017-02-27 17:49:54,532 [DEBUG   ] http://amp.pharm.mssm.edu:80 "GET /Enrichr/view?userListId=3029109 HTTP/1.1" 200 914
LINE 77  : 2017-02-27 17:49:54,532 [INFO    ] Submitted gene list:{u'userListId': 3029109, u'shortId': u'1allf'}
LINE 212 : 2017-02-27 17:49:54,536 [DEBUG   ] Starting new HTTP connection (1): amp.pharm.mssm.edu
LINE 400 : 2017-02-27 17:49:54,749 [DEBUG   ] http://amp.pharm.mssm.edu:80 "GET /Enrichr/enrich?userListId=3029109&backgroundType=KEGG_2016 HTTP/1.1" 200 20
LINE 89  : 2017-02-27 17:49:54,750 [DEBUG   ] Get enrichment results: Job Id:{u'userListId': 3029109, u'shortId': u'1allf'}
LINE 212 : 2017-02-27 17:49:54,752 [DEBUG   ] Starting new HTTP connection (1): amp.pharm.mssm.edu
LINE 400 : 2017-02-27 17:49:54,971 [DEBUG   ] http://amp.pharm.mssm.edu:80 "GET /Enrichr/export?userListId=3029109&filename=enrichr.reports.&backgroundType=KEGG_2016 HTTP/1.1" 200 100
LINE 98  : 2017-02-27 17:49:54,973 [INFO    ] Downloading file of enrichment results: Job Id:{u'userListId': 3029109, u'shortId': u'1allf'}
LINE 104 : 2017-02-27 17:49:54,977 [DEBUG   ] Results written to: enrichr.reports.test_name.txt
LINE 114 : 2017-02-27 17:49:55,048 [INFO    ] Enrichr: You are inside python console, a dataframe is returned.
LINE 115 : 2017-02-27 17:49:55,049 [INFO    ] Enrichr: Job Done!
LINE 44  : 2017-02-27 17:52:05,153 [INFO    ] Connecting to Enrichr Server to get latest library names
LINE 54  : 2017-02-27 17:52:05,154 [INFO    ] Analysis name: test_name, Enrichr Library: GO_Cellular_Component_2015
LINE 212 : 2017-02-27 17:52:05,157 [DEBUG   ] Starting new HTTP connection (1): amp.pharm.mssm.edu
LINE 400 : 2017-02-27 17:52:05,427 [DEBUG   ] http://amp.pharm.mssm.edu:80 "POST /Enrichr/addList HTTP/1.1" 200 46
LINE 69  : 2017-02-27 17:52:05,427 [DEBUG   ] Job ID:{u'userListId': 3029116, u'shortId': u'1allm'}
LINE 212 : 2017-02-27 17:52:05,430 [DEBUG   ] Starting new HTTP connection (1): amp.pharm.mssm.edu
LINE 400 : 2017-02-27 17:52:05,690 [DEBUG   ] http://amp.pharm.mssm.edu:80 "GET /Enrichr/view?userListId=3029116 HTTP/1.1" 200 914
LINE 77  : 2017-02-27 17:52:05,690 [INFO    ] Submitted gene list:{u'userListId': 3029116, u'shortId': u'1allm'}
LINE 212 : 2017-02-27 17:52:05,694 [DEBUG   ] Starting new HTTP connection (1): amp.pharm.mssm.edu
LINE 400 : 2017-02-27 17:52:05,897 [DEBUG   ] http://amp.pharm.mssm.edu:80 "GET /Enrichr/enrich?userListId=3029116&backgroundType=GO_Cellular_Component_2015 HTTP/1.1" 200 37
LINE 89  : 2017-02-27 17:52:05,898 [DEBUG   ] Get enrichment results: Job Id:{u'userListId': 3029116, u'shortId': u'1allm'}
LINE 212 : 2017-02-27 17:52:05,898 [DEBUG   ] Starting new HTTP connection (1): amp.pharm.mssm.edu
LINE 400 : 2017-02-27 17:52:06,101 [DEBUG   ] http://amp.pharm.mssm.edu:80 "GET /Enrichr/export?userListId=3029116&filename=enrichr.reports.&backgroundType=GO_Cellular_Component_2015 HTTP/1.1" 200 100
LINE 98  : 2017-02-27 17:52:06,101 [INFO    ] Downloading file of enrichment results: Job Id:{u'userListId': 3029116, u'shortId': u'1allm'}
LINE 104 : 2017-02-27 17:52:06,104 [DEBUG   ] Results written to: enrichr.reports.test_name.txt
LINE 114 : 2017-02-27 17:52:06,108 [INFO    ] Enrichr: You are inside python console, a dataframe is returned.
LINE 115 : 2017-02-27 17:52:06,109 [INFO    ] Enrichr: Job Done!
